<?xml version="1.0" encoding="UTF-8"?>
<!-- Generated by org.testng.reporters.JUnitReportReporter -->
<testsuite hostname="Indhu" failures="0" tests="1" name="testcase.HotelBookingTest" time="44.348" errors="0" timestamp="07 Sep 2018 11:22:45 GMT" skipped="0">
  <testcase classname="testcase.HotelBookingTest" name="shouldBeAbleToSearchForHotels" time="44.348"/>
</testsuite> <!-- testcase.HotelBookingTest -->
