<?xml version="1.0" encoding="UTF-8"?>
<!-- Generated by org.testng.reporters.JUnitReportReporter -->
<testsuite hostname="Indhu" failures="0" tests="1" name="SignInTest" time="43.225" errors="0" timestamp="07 Sep 2018 09:00:57 GMT" skipped="0">
  <testcase classname="SignInTest" name="shouldThrowAnErrorIfSignInDetailsAreMissing" time="43.225"/>
</testsuite> <!-- SignInTest -->
