<?xml version="1.0" encoding="UTF-8"?>
<!-- Generated by org.testng.reporters.JUnitReportReporter -->
<testsuite hostname="Indhu" failures="0" tests="1" name="testcase.FlightBookingTest" time="49.568" errors="0" timestamp="07 Sep 2018 11:19:17 GMT" skipped="0">
  <testcase classname="testcase.FlightBookingTest" name="testThatResultsAppearForAOneWayJourney" time="49.568"/>
</testsuite> <!-- testcase.FlightBookingTest -->
