<?xml version="1.0" encoding="UTF-8"?>
<!-- Generated by org.testng.reporters.JUnitReportReporter -->
<testsuite hostname="Indhu" failures="0" tests="1" name="HotelBookingTest" time="59.363" errors="0" timestamp="07 Sep 2018 07:07:38 GMT" skipped="0">
  <testcase classname="HotelBookingTest" name="shouldBeAbleToSearchForHotels" time="59.363"/>
</testsuite> <!-- HotelBookingTest -->
